<?xml version="1.0" encoding="UTF-8"?>
<testsuite name="com.test.oddschecker.controller.OddscheckerControllerTest" tests="10" skipped="0" failures="0" errors="0" timestamp="2020-01-25T18:27:13" hostname="DESKTOP-GU8VPH4" time="0.063">
  <properties/>
  <testcase name="testRetrieveOdds_InvalidBetId" classname="com.test.oddschecker.controller.OddscheckerControllerTest" time="0.009"/>
  <testcase name="testSubmitOddsValidInput1" classname="com.test.oddschecker.controller.OddscheckerControllerTest" time="0.005"/>
  <testcase name="testSubmitOddsValidInput2" classname="com.test.oddschecker.controller.OddscheckerControllerTest" time="0.004"/>
  <testcase name="testSubmitOddsValidInput3" classname="com.test.oddschecker.controller.OddscheckerControllerTest" time="0.004"/>
  <testcase name="testRetrieveOdds_betIdNotFound" classname="com.test.oddschecker.controller.OddscheckerControllerTest" time="0.004"/>
  <testcase name="testRetrieveOdds" classname="com.test.oddschecker.controller.OddscheckerControllerTest" time="0.003"/>
  <testcase name="testSubmitOddsInValidInput1" classname="com.test.oddschecker.controller.OddscheckerControllerTest" time="0.006"/>
  <testcase name="testSubmitOddsInValidInput2" classname="com.test.oddschecker.controller.OddscheckerControllerTest" time="0.005"/>
  <testcase name="testSubmitOddsInValidInput3" classname="com.test.oddschecker.controller.OddscheckerControllerTest" time="0.006"/>
  <testcase name="testSubmitOddsInValidInput4" classname="com.test.oddschecker.controller.OddscheckerControllerTest" time="0.006"/>
  <system-out><![CDATA[
  .   ____          _            __ _ _
 /\\ / ___'_ __ _ _(_)_ __  __ _ \ \ \ \
( ( )\___ | '_ | '_| | '_ \/ _` | \ \ \ \
 \\/  ___)| |_)| | | | | || (_| |  ) ) ) )
  '  |____| .__|_| |_|_| |_\__, | / / / /
 =========|_|==============|___/=/_/_/_/
 :: Spring Boot ::        (v2.2.4.RELEASE)

2020-01-25 20:27:10.840  WARN 30400 --- [    Test worker] ory$DuplicateJsonObjectContextCustomizer : 

Found multiple occurrences of org.json.JSONObject on the class path:

	jar:file:/C:/Users/hkoud/.gradle/caches/modules-2/files-2.1/org.json/json/20190722/7bce7bacf0ab5e9f894d307a3de8b7f540064d5/json-20190722.jar!/org/json/JSONObject.class
	jar:file:/C:/Users/hkoud/.gradle/caches/modules-2/files-2.1/com.vaadin.external.google/android-json/0.0.20131108.vaadin1/fa26d351fe62a6a17f5cda1287c1c6110dec413f/android-json-0.0.20131108.vaadin1.jar!/org/json/JSONObject.class

You may wish to exclude one of them to ensure predictable runtime behavior

2020-01-25 20:27:10.842  INFO 30400 --- [    Test worker] c.t.o.c.OddscheckerControllerTest        : Starting OddscheckerControllerTest on DESKTOP-GU8VPH4 with PID 30400 (started by hkoud in C:\Users\hkoud\Downloads\oddschecker)
2020-01-25 20:27:10.843  INFO 30400 --- [    Test worker] c.t.o.c.OddscheckerControllerTest        : No active profile set, falling back to default profiles: default
2020-01-25 20:27:11.375  INFO 30400 --- [    Test worker] .s.d.r.c.RepositoryConfigurationDelegate : Bootstrapping Spring Data JPA repositories in DEFAULT mode.
2020-01-25 20:27:11.393  INFO 30400 --- [    Test worker] .s.d.r.c.RepositoryConfigurationDelegate : Finished Spring Data repository scanning in 17ms. Found 1 JPA repository interfaces.
2020-01-25 20:27:11.528  INFO 30400 --- [    Test worker] trationDelegate$BeanPostProcessorChecker : Bean 'org.springframework.transaction.annotation.ProxyTransactionManagementConfiguration' of type [org.springframework.transaction.annotation.ProxyTransactionManagementConfiguration] is not eligible for getting processed by all BeanPostProcessors (for example: not eligible for auto-proxying)
2020-01-25 20:27:11.689  INFO 30400 --- [    Test worker] com.zaxxer.hikari.HikariDataSource       : HikariPool-2 - Starting...
2020-01-25 20:27:11.690  INFO 30400 --- [    Test worker] com.zaxxer.hikari.HikariDataSource       : HikariPool-2 - Start completed.
2020-01-25 20:27:11.711  INFO 30400 --- [    Test worker] o.hibernate.jpa.internal.util.LogHelper  : HHH000204: Processing PersistenceUnitInfo [name: default]
2020-01-25 20:27:11.717  INFO 30400 --- [    Test worker] org.hibernate.dialect.Dialect            : HHH000400: Using dialect: org.hibernate.dialect.H2Dialect
Hibernate: drop table odds if exists
Hibernate: create table odds (odds_id integer generated by default as identity, bet_id integer not null, odds varchar(255) not null, user_id varchar(255) not null, primary key (odds_id))
2020-01-25 20:27:11.752  INFO 30400 --- [    Test worker] o.h.e.t.j.p.i.JtaPlatformInitiator       : HHH000490: Using JtaPlatform implementation: [org.hibernate.engine.transaction.jta.platform.internal.NoJtaPlatform]
2020-01-25 20:27:11.753  INFO 30400 --- [    Test worker] j.LocalContainerEntityManagerFactoryBean : Initialized JPA EntityManagerFactory for persistence unit 'default'
2020-01-25 20:27:12.007  WARN 30400 --- [    Test worker] JpaBaseConfiguration$JpaWebConfiguration : spring.jpa.open-in-view is enabled by default. Therefore, database queries may be performed during view rendering. Explicitly configure spring.jpa.open-in-view to disable this warning
2020-01-25 20:27:12.265  INFO 30400 --- [    Test worker] o.s.b.a.e.web.EndpointLinksResolver      : Exposing 2 endpoint(s) beneath base path '/actuator'
2020-01-25 20:27:12.443  INFO 30400 --- [    Test worker] pertySourcedRequestMappingHandlerMapping : Mapped URL path [/v2/api-docs] onto method [springfox.documentation.swagger2.web.Swagger2Controller#getDocumentation(String, HttpServletRequest)]
2020-01-25 20:27:12.708  INFO 30400 --- [    Test worker] o.s.s.concurrent.ThreadPoolTaskExecutor  : Initializing ExecutorService 'applicationTaskExecutor'
2020-01-25 20:27:13.067  INFO 30400 --- [    Test worker] d.s.w.p.DocumentationPluginsBootstrapper : Context refreshed
2020-01-25 20:27:13.068  INFO 30400 --- [    Test worker] d.s.w.p.DocumentationPluginsBootstrapper : Found 1 custom documentation plugin(s)
2020-01-25 20:27:13.075  INFO 30400 --- [    Test worker] s.d.s.w.s.ApiListingReferenceScanner     : Scanning for api listing references
2020-01-25 20:27:13.130  INFO 30400 --- [    Test worker] .d.s.w.r.o.CachingOperationNameGenerator : Generating unique operation named: handleUsingGET_1
2020-01-25 20:27:13.132  INFO 30400 --- [    Test worker] .d.s.w.r.o.CachingOperationNameGenerator : Generating unique operation named: handleUsingGET_2
2020-01-25 20:27:13.146  INFO 30400 --- [    Test worker] c.t.o.c.OddscheckerControllerTest        : Started OddscheckerControllerTest in 2.338 seconds (JVM running for 11.911)
2020-01-25 20:27:13.156  INFO 30400 --- [    Test worker] c.t.o.controller.OddscheckerController   : Querying new odds for bet $
2020-01-25 20:27:13.163  INFO 30400 --- [    Test worker] c.t.o.controller.OddscheckerController   : Storing new odds $ for bet $
2020-01-25 20:27:13.169  INFO 30400 --- [    Test worker] c.t.o.controller.OddscheckerController   : Storing new odds $ for bet $
2020-01-25 20:27:13.174  INFO 30400 --- [    Test worker] c.t.o.controller.OddscheckerController   : Storing new odds $ for bet $
2020-01-25 20:27:13.179  INFO 30400 --- [    Test worker] c.t.o.controller.OddscheckerController   : Querying new odds for bet $
2020-01-25 20:27:13.184  INFO 30400 --- [    Test worker] c.t.o.controller.OddscheckerController   : Querying new odds for bet $
2020-01-25 20:27:13.189  INFO 30400 --- [    Test worker] c.t.o.controller.OddscheckerController   : Storing new odds $ for bet $
2020-01-25 20:27:13.196  INFO 30400 --- [    Test worker] c.t.o.controller.OddscheckerController   : Storing new odds $ for bet $
2020-01-25 20:27:13.202  INFO 30400 --- [    Test worker] c.t.o.controller.OddscheckerController   : Storing new odds $ for bet $
2020-01-25 20:27:13.209  INFO 30400 --- [    Test worker] c.t.o.controller.OddscheckerController   : Storing new odds $ for bet $
]]></system-out>
  <system-err><![CDATA[]]></system-err>
</testsuite>
