<?xml version="1.0" encoding="UTF-8"?>
<testsuite name="com.test.oddschecker.controller.OddscheckerControllerTest" tests="10" skipped="0" failures="0" errors="0" timestamp="2020-01-25T18:41:34" hostname="DESKTOP-GU8VPH4" time="0.109">
  <properties/>
  <testcase name="testRetrieveOdds_InvalidBetId" classname="com.test.oddschecker.controller.OddscheckerControllerTest" time="0.046"/>
  <testcase name="testSubmitOddsValidInput1" classname="com.test.oddschecker.controller.OddscheckerControllerTest" time="0.012"/>
  <testcase name="testSubmitOddsValidInput2" classname="com.test.oddschecker.controller.OddscheckerControllerTest" time="0.005"/>
  <testcase name="testSubmitOddsValidInput3" classname="com.test.oddschecker.controller.OddscheckerControllerTest" time="0.005"/>
  <testcase name="testRetrieveOdds_betIdNotFound" classname="com.test.oddschecker.controller.OddscheckerControllerTest" time="0.004"/>
  <testcase name="testRetrieveOdds" classname="com.test.oddschecker.controller.OddscheckerControllerTest" time="0.005"/>
  <testcase name="testSubmitOddsInValidInput1" classname="com.test.oddschecker.controller.OddscheckerControllerTest" time="0.006"/>
  <testcase name="testSubmitOddsInValidInput2" classname="com.test.oddschecker.controller.OddscheckerControllerTest" time="0.005"/>
  <testcase name="testSubmitOddsInValidInput3" classname="com.test.oddschecker.controller.OddscheckerControllerTest" time="0.004"/>
  <testcase name="testSubmitOddsInValidInput4" classname="com.test.oddschecker.controller.OddscheckerControllerTest" time="0.004"/>
  <system-out><![CDATA[20:41:26.388 [Test worker] DEBUG org.springframework.test.annotation.ProfileValueUtils - Retrieved @ProfileValueSourceConfiguration [null] for test class [com.test.oddschecker.controller.OddscheckerControllerTest]
20:41:26.388 [Test worker] DEBUG org.springframework.test.annotation.ProfileValueUtils - Retrieved ProfileValueSource type [class org.springframework.test.annotation.SystemProfileValueSource] for class [com.test.oddschecker.controller.OddscheckerControllerTest]
20:41:26.389 [Test worker] DEBUG org.springframework.test.annotation.ProfileValueUtils - Retrieved @ProfileValueSourceConfiguration [null] for test class [com.test.oddschecker.controller.OddscheckerControllerTest]
20:41:26.389 [Test worker] DEBUG org.springframework.test.annotation.ProfileValueUtils - Retrieved ProfileValueSource type [class org.springframework.test.annotation.SystemProfileValueSource] for class [com.test.oddschecker.controller.OddscheckerControllerTest]
20:41:26.394 [Test worker] DEBUG org.springframework.test.context.support.AbstractDirtiesContextTestExecutionListener - Before test class: context [DefaultTestContext@4b5bbdc testClass = OddscheckerControllerTest, testInstance = [null], testMethod = [null], testException = [null], mergedContextConfiguration = [WebMergedContextConfiguration@5cf09c56 testClass = OddscheckerControllerTest, locations = '{}', classes = '{class com.test.oddschecker.OddscheckerApplication}', contextInitializerClasses = '[]', activeProfiles = '{}', propertySourceLocations = '{}', propertySourceProperties = '{org.springframework.boot.test.context.SpringBootTestContextBootstrapper=true}', contextCustomizers = set[org.springframework.boot.test.autoconfigure.properties.PropertyMappingContextCustomizer@0, org.springframework.boot.test.autoconfigure.web.servlet.WebDriverContextCustomizerFactory$Customizer@24de5e49, org.springframework.boot.test.context.filter.ExcludeFilterContextCustomizer@7391177a, org.springframework.boot.test.json.DuplicateJsonObjectContextCustomizerFactory$DuplicateJsonObjectContextCustomizer@1ff8dd29, org.springframework.boot.test.mock.mockito.MockitoContextCustomizer@6af627a2, org.springframework.boot.test.web.client.TestRestTemplateContextCustomizer@266096b7], resourceBasePath = 'src/main/webapp', contextLoader = 'org.springframework.boot.test.context.SpringBootContextLoader', parent = [null]], attributes = map['org.springframework.test.context.web.ServletTestExecutionListener.activateListener' -> true]], class annotated with @DirtiesContext [false] with mode [null].
20:41:26.396 [Test worker] DEBUG org.springframework.test.annotation.ProfileValueUtils - Retrieved @ProfileValueSourceConfiguration [null] for test class [com.test.oddschecker.controller.OddscheckerControllerTest]
20:41:26.396 [Test worker] DEBUG org.springframework.test.annotation.ProfileValueUtils - Retrieved ProfileValueSource type [class org.springframework.test.annotation.SystemProfileValueSource] for class [com.test.oddschecker.controller.OddscheckerControllerTest]
20:41:26.422 [Test worker] DEBUG org.springframework.test.context.support.TestPropertySourceUtils - Adding inlined properties to environment: {spring.jmx.enabled=false, org.springframework.boot.test.context.SpringBootTestContextBootstrapper=true, server.port=-1}

  .   ____          _            __ _ _
 /\\ / ___'_ __ _ _(_)_ __  __ _ \ \ \ \
( ( )\___ | '_ | '_| | '_ \/ _` | \ \ \ \
 \\/  ___)| |_)| | | | | || (_| |  ) ) ) )
  '  |____| .__|_| |_|_| |_\__, | / / / /
 =========|_|==============|___/=/_/_/_/
 :: Spring Boot ::        (v2.2.4.RELEASE)

2020-01-25 20:41:26.814  WARN 19168 --- [    Test worker] ory$DuplicateJsonObjectContextCustomizer : 

Found multiple occurrences of org.json.JSONObject on the class path:

	jar:file:/C:/Users/hkoud/.gradle/caches/modules-2/files-2.1/org.json/json/20190722/7bce7bacf0ab5e9f894d307a3de8b7f540064d5/json-20190722.jar!/org/json/JSONObject.class
	jar:file:/C:/Users/hkoud/.gradle/caches/modules-2/files-2.1/com.vaadin.external.google/android-json/0.0.20131108.vaadin1/fa26d351fe62a6a17f5cda1287c1c6110dec413f/android-json-0.0.20131108.vaadin1.jar!/org/json/JSONObject.class

You may wish to exclude one of them to ensure predictable runtime behavior

2020-01-25 20:41:26.834  INFO 19168 --- [    Test worker] c.t.o.c.OddscheckerControllerTest        : Starting OddscheckerControllerTest on DESKTOP-GU8VPH4 with PID 19168 (started by hkoud in C:\Users\hkoud\Downloads\oddschecker)
2020-01-25 20:41:26.835  INFO 19168 --- [    Test worker] c.t.o.c.OddscheckerControllerTest        : No active profile set, falling back to default profiles: default
2020-01-25 20:41:28.181  INFO 19168 --- [    Test worker] .s.d.r.c.RepositoryConfigurationDelegate : Bootstrapping Spring Data JPA repositories in DEFAULT mode.
2020-01-25 20:41:28.257  INFO 19168 --- [    Test worker] .s.d.r.c.RepositoryConfigurationDelegate : Finished Spring Data repository scanning in 66ms. Found 1 JPA repository interfaces.
2020-01-25 20:41:29.398  INFO 19168 --- [    Test worker] trationDelegate$BeanPostProcessorChecker : Bean 'org.springframework.transaction.annotation.ProxyTransactionManagementConfiguration' of type [org.springframework.transaction.annotation.ProxyTransactionManagementConfiguration] is not eligible for getting processed by all BeanPostProcessors (for example: not eligible for auto-proxying)
2020-01-25 20:41:29.680  INFO 19168 --- [    Test worker] com.zaxxer.hikari.HikariDataSource       : HikariPool-1 - Starting...
2020-01-25 20:41:29.944  INFO 19168 --- [    Test worker] com.zaxxer.hikari.HikariDataSource       : HikariPool-1 - Start completed.
2020-01-25 20:41:30.059  INFO 19168 --- [    Test worker] o.hibernate.jpa.internal.util.LogHelper  : HHH000204: Processing PersistenceUnitInfo [name: default]
2020-01-25 20:41:30.177  INFO 19168 --- [    Test worker] org.hibernate.Version                    : HHH000412: Hibernate Core {5.4.10.Final}
2020-01-25 20:41:30.244  INFO 19168 --- [    Test worker] o.hibernate.annotations.common.Version   : HCANN000001: Hibernate Commons Annotations {5.1.0.Final}
2020-01-25 20:41:30.409  INFO 19168 --- [    Test worker] org.hibernate.dialect.Dialect            : HHH000400: Using dialect: org.hibernate.dialect.H2Dialect
Hibernate: drop table odds if exists
Hibernate: create table odds (odds_id integer generated by default as identity, bet_id integer not null, odds varchar(255) not null, user_id varchar(255) not null, primary key (odds_id))
2020-01-25 20:41:31.048  INFO 19168 --- [    Test worker] o.h.e.t.j.p.i.JtaPlatformInitiator       : HHH000490: Using JtaPlatform implementation: [org.hibernate.engine.transaction.jta.platform.internal.NoJtaPlatform]
2020-01-25 20:41:31.057  INFO 19168 --- [    Test worker] j.LocalContainerEntityManagerFactoryBean : Initialized JPA EntityManagerFactory for persistence unit 'default'
2020-01-25 20:41:31.622  WARN 19168 --- [    Test worker] JpaBaseConfiguration$JpaWebConfiguration : spring.jpa.open-in-view is enabled by default. Therefore, database queries may be performed during view rendering. Explicitly configure spring.jpa.open-in-view to disable this warning
2020-01-25 20:41:32.189  INFO 19168 --- [    Test worker] o.s.b.a.e.web.EndpointLinksResolver      : Exposing 2 endpoint(s) beneath base path '/actuator'
2020-01-25 20:41:32.481  INFO 19168 --- [    Test worker] pertySourcedRequestMappingHandlerMapping : Mapped URL path [/v2/api-docs] onto method [springfox.documentation.swagger2.web.Swagger2Controller#getDocumentation(String, HttpServletRequest)]
2020-01-25 20:41:33.176  INFO 19168 --- [    Test worker] o.s.s.concurrent.ThreadPoolTaskExecutor  : Initializing ExecutorService 'applicationTaskExecutor'
2020-01-25 20:41:33.724  INFO 19168 --- [    Test worker] d.s.w.p.DocumentationPluginsBootstrapper : Context refreshed
2020-01-25 20:41:33.771  INFO 19168 --- [    Test worker] d.s.w.p.DocumentationPluginsBootstrapper : Found 1 custom documentation plugin(s)
2020-01-25 20:41:33.805  INFO 19168 --- [    Test worker] s.d.s.w.s.ApiListingReferenceScanner     : Scanning for api listing references
2020-01-25 20:41:34.019  INFO 19168 --- [    Test worker] .d.s.w.r.o.CachingOperationNameGenerator : Generating unique operation named: handleUsingGET_1
2020-01-25 20:41:34.022  INFO 19168 --- [    Test worker] .d.s.w.r.o.CachingOperationNameGenerator : Generating unique operation named: handleUsingGET_2
2020-01-25 20:41:34.063  INFO 19168 --- [    Test worker] c.t.o.c.OddscheckerControllerTest        : Started OddscheckerControllerTest in 7.632 seconds (JVM running for 9.22)
2020-01-25 20:41:34.170  INFO 19168 --- [    Test worker] c.t.o.controller.OddscheckerController   : Querying new odds for bet 1
2020-01-25 20:41:34.199  INFO 19168 --- [    Test worker] c.t.o.controller.OddscheckerController   : Storing new odds 1/10 for bet 1
2020-01-25 20:41:34.204  INFO 19168 --- [    Test worker] c.t.o.controller.OddscheckerController   : Storing new odds 2/1 for bet 1
2020-01-25 20:41:34.211  INFO 19168 --- [    Test worker] c.t.o.controller.OddscheckerController   : Storing new odds SP for bet 1
2020-01-25 20:41:34.216  INFO 19168 --- [    Test worker] c.t.o.controller.OddscheckerController   : Querying new odds for bet 1
2020-01-25 20:41:34.222  INFO 19168 --- [    Test worker] c.t.o.controller.OddscheckerController   : Querying new odds for bet 1
2020-01-25 20:41:34.229  INFO 19168 --- [    Test worker] c.t.o.controller.OddscheckerController   : Storing new odds 0/1 for bet 1
2020-01-25 20:41:34.236  INFO 19168 --- [    Test worker] c.t.o.controller.OddscheckerController   : Storing new odds SP/1 for bet 1
2020-01-25 20:41:34.242  INFO 19168 --- [    Test worker] c.t.o.controller.OddscheckerController   : Storing new odds 2/3/1 for bet 1
2020-01-25 20:41:34.247  INFO 19168 --- [    Test worker] c.t.o.controller.OddscheckerController   : Storing new odds 23*4 for bet 1
]]></system-out>
  <system-err><![CDATA[]]></system-err>
</testsuite>
