<?xml version="1.0" encoding="UTF-8"?>
<testsuite name="com.test.oddschecker.controller.OddscheckerITest" tests="7" skipped="0" failures="0" errors="0" timestamp="2020-01-25T19:02:36" hostname="DESKTOP-GU8VPH4" time="1.034">
  <properties/>
  <testcase name="storeOddsInValidInput1" classname="com.test.oddschecker.controller.OddscheckerITest" time="0.301"/>
  <testcase name="storeOddsValidInput" classname="com.test.oddschecker.controller.OddscheckerITest" time="0.155"/>
  <testcase name="retrieveBetwith1Odd" classname="com.test.oddschecker.controller.OddscheckerITest" time="0.34"/>
  <testcase name="storeOddsInValidBetID" classname="com.test.oddschecker.controller.OddscheckerITest" time="0.05"/>
  <testcase name="retrieveBetwith3Odds" classname="com.test.oddschecker.controller.OddscheckerITest" time="0.057"/>
  <testcase name="retrieveOddsNoBetFound" classname="com.test.oddschecker.controller.OddscheckerITest" time="0.061"/>
  <testcase name="retrieveOddsInvalidBetIdFormat" classname="com.test.oddschecker.controller.OddscheckerITest" time="0.063"/>
  <system-out><![CDATA[21:02:27.670 [Test worker] DEBUG org.springframework.test.context.junit4.SpringJUnit4ClassRunner - SpringJUnit4ClassRunner constructor called with [class com.test.oddschecker.controller.OddscheckerITest]
21:02:27.684 [Test worker] DEBUG org.springframework.test.context.BootstrapUtils - Instantiating CacheAwareContextLoaderDelegate from class [org.springframework.test.context.cache.DefaultCacheAwareContextLoaderDelegate]
21:02:27.695 [Test worker] DEBUG org.springframework.test.context.BootstrapUtils - Instantiating BootstrapContext using constructor [public org.springframework.test.context.support.DefaultBootstrapContext(java.lang.Class,org.springframework.test.context.CacheAwareContextLoaderDelegate)]
21:02:27.744 [Test worker] DEBUG org.springframework.test.context.BootstrapUtils - Instantiating TestContextBootstrapper for test class [com.test.oddschecker.controller.OddscheckerITest] from class [org.springframework.boot.test.context.SpringBootTestContextBootstrapper]
21:02:27.772 [Test worker] INFO org.springframework.boot.test.context.SpringBootTestContextBootstrapper - Neither @ContextConfiguration nor @ContextHierarchy found for test class [com.test.oddschecker.controller.OddscheckerITest], using SpringBootContextLoader
21:02:27.777 [Test worker] DEBUG org.springframework.test.context.support.AbstractContextLoader - Did not detect default resource location for test class [com.test.oddschecker.controller.OddscheckerITest]: class path resource [com/test/oddschecker/controller/OddscheckerITest-context.xml] does not exist
21:02:27.778 [Test worker] DEBUG org.springframework.test.context.support.AbstractContextLoader - Did not detect default resource location for test class [com.test.oddschecker.controller.OddscheckerITest]: class path resource [com/test/oddschecker/controller/OddscheckerITestContext.groovy] does not exist
21:02:27.778 [Test worker] INFO org.springframework.test.context.support.AbstractContextLoader - Could not detect default resource locations for test class [com.test.oddschecker.controller.OddscheckerITest]: no resource found for suffixes {-context.xml, Context.groovy}.
21:02:27.779 [Test worker] INFO org.springframework.test.context.support.AnnotationConfigContextLoaderUtils - Could not detect default configuration classes for test class [com.test.oddschecker.controller.OddscheckerITest]: OddscheckerITest does not declare any static, non-private, non-final, nested classes annotated with @Configuration.
21:02:27.846 [Test worker] DEBUG org.springframework.test.context.support.ActiveProfilesUtils - Could not find an 'annotation declaring class' for annotation type [org.springframework.test.context.ActiveProfiles] and class [com.test.oddschecker.controller.OddscheckerITest]
21:02:27.976 [Test worker] DEBUG org.springframework.context.annotation.ClassPathScanningCandidateComponentProvider - Identified candidate component class: file [C:\Users\hkoud\Downloads\oddschecker\build\classes\java\main\com\test\oddschecker\OddscheckerApplication.class]
21:02:27.977 [Test worker] INFO org.springframework.boot.test.context.SpringBootTestContextBootstrapper - Found @SpringBootConfiguration com.test.oddschecker.OddscheckerApplication for test class com.test.oddschecker.controller.OddscheckerITest
21:02:28.111 [Test worker] DEBUG org.springframework.boot.test.context.SpringBootTestContextBootstrapper - @TestExecutionListeners is not present for class [com.test.oddschecker.controller.OddscheckerITest]: using defaults.
21:02:28.111 [Test worker] INFO org.springframework.boot.test.context.SpringBootTestContextBootstrapper - Loaded default TestExecutionListener class names from location [META-INF/spring.factories]: [org.springframework.security.test.context.support.WithSecurityContextTestExecutionListener, org.springframework.security.test.context.support.ReactorContextTestExecutionListener, org.springframework.boot.test.autoconfigure.restdocs.RestDocsTestExecutionListener, org.springframework.boot.test.autoconfigure.web.client.MockRestServiceServerResetTestExecutionListener, org.springframework.boot.test.autoconfigure.web.servlet.MockMvcPrintOnlyOnFailureTestExecutionListener, org.springframework.boot.test.autoconfigure.web.servlet.WebDriverTestExecutionListener, org.springframework.boot.test.mock.mockito.MockitoTestExecutionListener, org.springframework.boot.test.mock.mockito.ResetMocksTestExecutionListener, org.springframework.test.context.web.ServletTestExecutionListener, org.springframework.test.context.support.DirtiesContextBeforeModesTestExecutionListener, org.springframework.test.context.support.DependencyInjectionTestExecutionListener, org.springframework.test.context.support.DirtiesContextTestExecutionListener, org.springframework.test.context.transaction.TransactionalTestExecutionListener, org.springframework.test.context.jdbc.SqlScriptsTestExecutionListener, org.springframework.test.context.event.EventPublishingTestExecutionListener]
21:02:28.138 [Test worker] INFO org.springframework.boot.test.context.SpringBootTestContextBootstrapper - Using TestExecutionListeners: [org.springframework.test.context.web.ServletTestExecutionListener@13b82f1b, org.springframework.test.context.support.DirtiesContextBeforeModesTestExecutionListener@1d842f11, org.springframework.boot.test.mock.mockito.MockitoTestExecutionListener@26ad29d0, org.springframework.boot.test.autoconfigure.SpringBootDependencyInjectionTestExecutionListener@1558c93f, org.springframework.test.context.support.DirtiesContextTestExecutionListener@47cafc78, org.springframework.test.context.transaction.TransactionalTestExecutionListener@7b0aaf37, org.springframework.test.context.jdbc.SqlScriptsTestExecutionListener@3426ea2f, org.springframework.security.test.context.support.WithSecurityContextTestExecutionListener@67e4dca5, org.springframework.test.context.event.EventPublishingTestExecutionListener@77ddc51d, org.springframework.security.test.context.support.ReactorContextTestExecutionListener@5980afc6, org.springframework.boot.test.autoconfigure.restdocs.RestDocsTestExecutionListener@5a74414b, org.springframework.boot.test.autoconfigure.web.client.MockRestServiceServerResetTestExecutionListener@1b34af54, org.springframework.boot.test.autoconfigure.web.servlet.MockMvcPrintOnlyOnFailureTestExecutionListener@2586402, org.springframework.boot.test.autoconfigure.web.servlet.WebDriverTestExecutionListener@5efa0510, org.springframework.boot.test.mock.mockito.ResetMocksTestExecutionListener@26fc699d]
21:02:28.143 [Test worker] DEBUG org.springframework.test.annotation.ProfileValueUtils - Retrieved @ProfileValueSourceConfiguration [null] for test class [com.test.oddschecker.controller.OddscheckerITest]
21:02:28.144 [Test worker] DEBUG org.springframework.test.annotation.ProfileValueUtils - Retrieved ProfileValueSource type [class org.springframework.test.annotation.SystemProfileValueSource] for class [com.test.oddschecker.controller.OddscheckerITest]
21:02:28.145 [Test worker] DEBUG org.springframework.test.annotation.ProfileValueUtils - Retrieved @ProfileValueSourceConfiguration [null] for test class [com.test.oddschecker.controller.OddscheckerITest]
21:02:28.145 [Test worker] DEBUG org.springframework.test.annotation.ProfileValueUtils - Retrieved ProfileValueSource type [class org.springframework.test.annotation.SystemProfileValueSource] for class [com.test.oddschecker.controller.OddscheckerITest]
21:02:28.150 [Test worker] DEBUG org.springframework.test.context.support.AbstractDirtiesContextTestExecutionListener - Before test class: context [DefaultTestContext@4da3be13 testClass = OddscheckerITest, testInstance = [null], testMethod = [null], testException = [null], mergedContextConfiguration = [WebMergedContextConfiguration@76106e6d testClass = OddscheckerITest, locations = '{}', classes = '{class com.test.oddschecker.OddscheckerApplication}', contextInitializerClasses = '[]', activeProfiles = '{}', propertySourceLocations = '{}', propertySourceProperties = '{org.springframework.boot.test.context.SpringBootTestContextBootstrapper=true}', contextCustomizers = set[org.springframework.boot.test.autoconfigure.properties.PropertyMappingContextCustomizer@0, org.springframework.boot.test.autoconfigure.web.servlet.WebDriverContextCustomizerFactory$Customizer@1627abb2, org.springframework.boot.test.context.filter.ExcludeFilterContextCustomizer@4627be66, org.springframework.boot.test.json.DuplicateJsonObjectContextCustomizerFactory$DuplicateJsonObjectContextCustomizer@5a6bd0cf, org.springframework.boot.test.mock.mockito.MockitoContextCustomizer@0, org.springframework.boot.test.web.client.TestRestTemplateContextCustomizer@2c36593b, org.springframework.test.context.web.socket.MockServerContainerContextCustomizer@11e010ac], resourceBasePath = 'src/main/webapp', contextLoader = 'org.springframework.boot.test.context.SpringBootContextLoader', parent = [null]], attributes = map['org.springframework.test.context.web.ServletTestExecutionListener.activateListener' -> true]], class annotated with @DirtiesContext [false] with mode [null].
21:02:28.154 [Test worker] DEBUG org.springframework.test.annotation.ProfileValueUtils - Retrieved @ProfileValueSourceConfiguration [null] for test class [com.test.oddschecker.controller.OddscheckerITest]
21:02:28.154 [Test worker] DEBUG org.springframework.test.annotation.ProfileValueUtils - Retrieved ProfileValueSource type [class org.springframework.test.annotation.SystemProfileValueSource] for class [com.test.oddschecker.controller.OddscheckerITest]
21:02:28.181 [Test worker] DEBUG org.springframework.test.context.support.TestPropertySourceUtils - Adding inlined properties to environment: {spring.jmx.enabled=false, org.springframework.boot.test.context.SpringBootTestContextBootstrapper=true, server.port=-1}

  .   ____          _            __ _ _
 /\\ / ___'_ __ _ _(_)_ __  __ _ \ \ \ \
( ( )\___ | '_ | '_| | '_ \/ _` | \ \ \ \
 \\/  ___)| |_)| | | | | || (_| |  ) ) ) )
  '  |____| .__|_| |_|_| |_\__, | / / / /
 =========|_|==============|___/=/_/_/_/
 :: Spring Boot ::        (v2.2.4.RELEASE)

2020-01-25 21:02:28.590  WARN 9196 --- [    Test worker] ory$DuplicateJsonObjectContextCustomizer : 

Found multiple occurrences of org.json.JSONObject on the class path:

	jar:file:/C:/Users/hkoud/.gradle/caches/modules-2/files-2.1/org.json/json/20190722/7bce7bacf0ab5e9f894d307a3de8b7f540064d5/json-20190722.jar!/org/json/JSONObject.class
	jar:file:/C:/Users/hkoud/.gradle/caches/modules-2/files-2.1/com.vaadin.external.google/android-json/0.0.20131108.vaadin1/fa26d351fe62a6a17f5cda1287c1c6110dec413f/android-json-0.0.20131108.vaadin1.jar!/org/json/JSONObject.class

You may wish to exclude one of them to ensure predictable runtime behavior

2020-01-25 21:02:28.647  INFO 9196 --- [    Test worker] c.t.o.controller.OddscheckerITest        : Starting OddscheckerITest on DESKTOP-GU8VPH4 with PID 9196 (started by hkoud in C:\Users\hkoud\Downloads\oddschecker)
2020-01-25 21:02:28.648  INFO 9196 --- [    Test worker] c.t.o.controller.OddscheckerITest        : No active profile set, falling back to default profiles: default
2020-01-25 21:02:30.116  INFO 9196 --- [    Test worker] .s.d.r.c.RepositoryConfigurationDelegate : Bootstrapping Spring Data JPA repositories in DEFAULT mode.
2020-01-25 21:02:30.201  INFO 9196 --- [    Test worker] .s.d.r.c.RepositoryConfigurationDelegate : Finished Spring Data repository scanning in 73ms. Found 1 JPA repository interfaces.
2020-01-25 21:02:30.821  INFO 9196 --- [    Test worker] trationDelegate$BeanPostProcessorChecker : Bean 'org.springframework.transaction.annotation.ProxyTransactionManagementConfiguration' of type [org.springframework.transaction.annotation.ProxyTransactionManagementConfiguration] is not eligible for getting processed by all BeanPostProcessors (for example: not eligible for auto-proxying)
2020-01-25 21:02:31.159  INFO 9196 --- [    Test worker] com.zaxxer.hikari.HikariDataSource       : HikariPool-1 - Starting...
2020-01-25 21:02:31.451  INFO 9196 --- [    Test worker] com.zaxxer.hikari.HikariDataSource       : HikariPool-1 - Start completed.
2020-01-25 21:02:31.559  INFO 9196 --- [    Test worker] o.hibernate.jpa.internal.util.LogHelper  : HHH000204: Processing PersistenceUnitInfo [name: default]
2020-01-25 21:02:31.685  INFO 9196 --- [    Test worker] org.hibernate.Version                    : HHH000412: Hibernate Core {5.4.10.Final}
2020-01-25 21:02:31.912  INFO 9196 --- [    Test worker] o.hibernate.annotations.common.Version   : HCANN000001: Hibernate Commons Annotations {5.1.0.Final}
2020-01-25 21:02:32.129  INFO 9196 --- [    Test worker] org.hibernate.dialect.Dialect            : HHH000400: Using dialect: org.hibernate.dialect.H2Dialect
Hibernate: drop table odds if exists
Hibernate: create table odds (odds_id integer generated by default as identity, bet_id integer not null, odds varchar(255) not null, user_id varchar(255) not null, primary key (odds_id))
2020-01-25 21:02:33.078  INFO 9196 --- [    Test worker] o.h.e.t.j.p.i.JtaPlatformInitiator       : HHH000490: Using JtaPlatform implementation: [org.hibernate.engine.transaction.jta.platform.internal.NoJtaPlatform]
2020-01-25 21:02:33.087  INFO 9196 --- [    Test worker] j.LocalContainerEntityManagerFactoryBean : Initialized JPA EntityManagerFactory for persistence unit 'default'
2020-01-25 21:02:34.065  WARN 9196 --- [    Test worker] JpaBaseConfiguration$JpaWebConfiguration : spring.jpa.open-in-view is enabled by default. Therefore, database queries may be performed during view rendering. Explicitly configure spring.jpa.open-in-view to disable this warning
2020-01-25 21:02:34.847  INFO 9196 --- [    Test worker] o.s.b.a.e.web.EndpointLinksResolver      : Exposing 2 endpoint(s) beneath base path '/actuator'
2020-01-25 21:02:35.133  INFO 9196 --- [    Test worker] pertySourcedRequestMappingHandlerMapping : Mapped URL path [/v2/api-docs] onto method [springfox.documentation.swagger2.web.Swagger2Controller#getDocumentation(String, HttpServletRequest)]
2020-01-25 21:02:35.664  INFO 9196 --- [    Test worker] o.s.s.concurrent.ThreadPoolTaskExecutor  : Initializing ExecutorService 'applicationTaskExecutor'
2020-01-25 21:02:36.267  INFO 9196 --- [    Test worker] d.s.w.p.DocumentationPluginsBootstrapper : Context refreshed
2020-01-25 21:02:36.297  INFO 9196 --- [    Test worker] d.s.w.p.DocumentationPluginsBootstrapper : Found 1 custom documentation plugin(s)
2020-01-25 21:02:36.336  INFO 9196 --- [    Test worker] s.d.s.w.s.ApiListingReferenceScanner     : Scanning for api listing references
2020-01-25 21:02:36.586  INFO 9196 --- [    Test worker] .d.s.w.r.o.CachingOperationNameGenerator : Generating unique operation named: handleUsingGET_1
2020-01-25 21:02:36.589  INFO 9196 --- [    Test worker] .d.s.w.r.o.CachingOperationNameGenerator : Generating unique operation named: handleUsingGET_2
2020-01-25 21:02:36.630  INFO 9196 --- [    Test worker] c.t.o.controller.OddscheckerITest        : Started OddscheckerITest in 8.437 seconds (JVM running for 10.14)
2020-01-25 21:02:36.828  INFO 9196 --- [    Test worker] o.s.mock.web.MockServletContext          : Initializing Spring TestDispatcherServlet ''
2020-01-25 21:02:36.828  INFO 9196 --- [    Test worker] o.s.t.web.servlet.TestDispatcherServlet  : Initializing Servlet ''
2020-01-25 21:02:36.829  INFO 9196 --- [    Test worker] o.s.t.web.servlet.TestDispatcherServlet  : Completed initialization in 1 ms
2020-01-25 21:02:36.851  INFO 9196 --- [    Test worker] o.s.mock.web.MockServletContext          : Initializing Spring TestDispatcherServlet ''
2020-01-25 21:02:36.851  INFO 9196 --- [    Test worker] o.s.t.web.servlet.TestDispatcherServlet  : Initializing Servlet ''
2020-01-25 21:02:36.852  INFO 9196 --- [    Test worker] o.s.t.web.servlet.TestDispatcherServlet  : Completed initialization in 1 ms
2020-01-25 21:02:36.986  INFO 9196 --- [    Test worker] c.t.o.controller.OddscheckerController   : Storing new odds 0/10 for bet 1
2020-01-25 21:02:36.987  INFO 9196 --- [    Test worker] c.test.oddschecker.service.OddsService   : Validating odds 0/10 format
2020-01-25 21:02:37.036  INFO 9196 --- [    Test worker] o.s.mock.web.MockServletContext          : Initializing Spring TestDispatcherServlet ''
2020-01-25 21:02:37.036  INFO 9196 --- [    Test worker] o.s.t.web.servlet.TestDispatcherServlet  : Initializing Servlet ''
2020-01-25 21:02:37.037  INFO 9196 --- [    Test worker] o.s.t.web.servlet.TestDispatcherServlet  : Completed initialization in 1 ms
2020-01-25 21:02:37.055  INFO 9196 --- [    Test worker] o.s.mock.web.MockServletContext          : Initializing Spring TestDispatcherServlet ''
2020-01-25 21:02:37.055  INFO 9196 --- [    Test worker] o.s.t.web.servlet.TestDispatcherServlet  : Initializing Servlet ''
2020-01-25 21:02:37.056  INFO 9196 --- [    Test worker] o.s.t.web.servlet.TestDispatcherServlet  : Completed initialization in 1 ms
2020-01-25 21:02:37.062  INFO 9196 --- [    Test worker] c.t.o.controller.OddscheckerController   : Storing new odds 1/10 for bet 1
2020-01-25 21:02:37.062  INFO 9196 --- [    Test worker] c.test.oddschecker.service.OddsService   : Validating odds 1/10 format
Hibernate: insert into odds (odds_id, bet_id, odds, user_id) values (null, ?, ?, ?)
2020-01-25 21:02:37.148  INFO 9196 --- [    Test worker] c.test.oddschecker.service.OddsService   : Stored: [Odds:  oddsId 1 userId 1 userId Harris odds 1/10 ]
2020-01-25 21:02:37.193  INFO 9196 --- [    Test worker] o.s.mock.web.MockServletContext          : Initializing Spring TestDispatcherServlet ''
2020-01-25 21:02:37.194  INFO 9196 --- [    Test worker] o.s.t.web.servlet.TestDispatcherServlet  : Initializing Servlet ''
2020-01-25 21:02:37.194  INFO 9196 --- [    Test worker] o.s.t.web.servlet.TestDispatcherServlet  : Completed initialization in 0 ms
2020-01-25 21:02:37.213  INFO 9196 --- [    Test worker] o.s.mock.web.MockServletContext          : Initializing Spring TestDispatcherServlet ''
2020-01-25 21:02:37.213  INFO 9196 --- [    Test worker] o.s.t.web.servlet.TestDispatcherServlet  : Initializing Servlet ''
2020-01-25 21:02:37.213  INFO 9196 --- [    Test worker] o.s.t.web.servlet.TestDispatcherServlet  : Completed initialization in 0 ms
Hibernate: select odds0_.odds_id as odds_id1_0_0_, odds0_.bet_id as bet_id2_0_0_, odds0_.odds as odds3_0_0_, odds0_.user_id as user_id4_0_0_ from odds odds0_ where odds0_.odds_id=?
Hibernate: update odds set bet_id=?, odds=?, user_id=? where odds_id=?
Hibernate: select odds0_.odds_id as odds_id1_0_0_, odds0_.bet_id as bet_id2_0_0_, odds0_.odds as odds3_0_0_, odds0_.user_id as user_id4_0_0_ from odds odds0_ where odds0_.odds_id=?
Hibernate: insert into odds (odds_id, bet_id, odds, user_id) values (null, ?, ?, ?)
Hibernate: select odds0_.odds_id as odds_id1_0_0_, odds0_.bet_id as bet_id2_0_0_, odds0_.odds as odds3_0_0_, odds0_.user_id as user_id4_0_0_ from odds odds0_ where odds0_.odds_id=?
Hibernate: insert into odds (odds_id, bet_id, odds, user_id) values (null, ?, ?, ?)
2020-01-25 21:02:37.269  INFO 9196 --- [    Test worker] c.t.o.controller.OddscheckerController   : Querying new odds for bet 2
Hibernate: select odds0_.odds_id as odds_id1_0_, odds0_.bet_id as bet_id2_0_, odds0_.odds as odds3_0_, odds0_.user_id as user_id4_0_ from odds odds0_ where odds0_.bet_id=?
2020-01-25 21:02:37.463  INFO 9196 --- [    Test worker] c.test.oddschecker.service.OddsService   : Fetched: Optional[[[Odds:  oddsId 1 userId 2 userId USER_1 odds 1/10 ]]]
2020-01-25 21:02:37.536  INFO 9196 --- [    Test worker] o.s.mock.web.MockServletContext          : Initializing Spring TestDispatcherServlet ''
2020-01-25 21:02:37.536  INFO 9196 --- [    Test worker] o.s.t.web.servlet.TestDispatcherServlet  : Initializing Servlet ''
2020-01-25 21:02:37.536  INFO 9196 --- [    Test worker] o.s.t.web.servlet.TestDispatcherServlet  : Completed initialization in 0 ms
2020-01-25 21:02:37.551  INFO 9196 --- [    Test worker] o.s.mock.web.MockServletContext          : Initializing Spring TestDispatcherServlet ''
2020-01-25 21:02:37.552  INFO 9196 --- [    Test worker] o.s.t.web.servlet.TestDispatcherServlet  : Initializing Servlet ''
2020-01-25 21:02:37.552  INFO 9196 --- [    Test worker] o.s.t.web.servlet.TestDispatcherServlet  : Completed initialization in 0 ms
2020-01-25 21:02:37.560 ERROR 9196 --- [    Test worker] c.t.o.controller.OddscheckerController   : Attempt to store odds with invalid betId format in request body
2020-01-25 21:02:37.581  INFO 9196 --- [    Test worker] o.s.mock.web.MockServletContext          : Initializing Spring TestDispatcherServlet ''
2020-01-25 21:02:37.581  INFO 9196 --- [    Test worker] o.s.t.web.servlet.TestDispatcherServlet  : Initializing Servlet ''
2020-01-25 21:02:37.581  INFO 9196 --- [    Test worker] o.s.t.web.servlet.TestDispatcherServlet  : Completed initialization in 0 ms
2020-01-25 21:02:37.595  INFO 9196 --- [    Test worker] o.s.mock.web.MockServletContext          : Initializing Spring TestDispatcherServlet ''
2020-01-25 21:02:37.596  INFO 9196 --- [    Test worker] o.s.t.web.servlet.TestDispatcherServlet  : Initializing Servlet ''
2020-01-25 21:02:37.596  INFO 9196 --- [    Test worker] o.s.t.web.servlet.TestDispatcherServlet  : Completed initialization in 0 ms
Hibernate: select odds0_.odds_id as odds_id1_0_0_, odds0_.bet_id as bet_id2_0_0_, odds0_.odds as odds3_0_0_, odds0_.user_id as user_id4_0_0_ from odds odds0_ where odds0_.odds_id=?
Hibernate: update odds set bet_id=?, odds=?, user_id=? where odds_id=?
Hibernate: select odds0_.odds_id as odds_id1_0_0_, odds0_.bet_id as bet_id2_0_0_, odds0_.odds as odds3_0_0_, odds0_.user_id as user_id4_0_0_ from odds odds0_ where odds0_.odds_id=?
Hibernate: select odds0_.odds_id as odds_id1_0_0_, odds0_.bet_id as bet_id2_0_0_, odds0_.odds as odds3_0_0_, odds0_.user_id as user_id4_0_0_ from odds odds0_ where odds0_.odds_id=?
2020-01-25 21:02:37.607  INFO 9196 --- [    Test worker] c.t.o.controller.OddscheckerController   : Querying new odds for bet 1
Hibernate: select odds0_.odds_id as odds_id1_0_, odds0_.bet_id as bet_id2_0_, odds0_.odds as odds3_0_, odds0_.user_id as user_id4_0_ from odds odds0_ where odds0_.bet_id=?
2020-01-25 21:02:37.610  INFO 9196 --- [    Test worker] c.test.oddschecker.service.OddsService   : Fetched: Optional[[[Odds:  oddsId 1 userId 1 userId USER_1 odds 1/10 ], [Odds:  oddsId 2 userId 1 userId USER_1 odds 2/1 ], [Odds:  oddsId 3 userId 1 userId USER_1 odds 2/1 ]]]
2020-01-25 21:02:37.645  INFO 9196 --- [    Test worker] o.s.mock.web.MockServletContext          : Initializing Spring TestDispatcherServlet ''
2020-01-25 21:02:37.645  INFO 9196 --- [    Test worker] o.s.t.web.servlet.TestDispatcherServlet  : Initializing Servlet ''
2020-01-25 21:02:37.645  INFO 9196 --- [    Test worker] o.s.t.web.servlet.TestDispatcherServlet  : Completed initialization in 0 ms
2020-01-25 21:02:37.664  INFO 9196 --- [    Test worker] o.s.mock.web.MockServletContext          : Initializing Spring TestDispatcherServlet ''
2020-01-25 21:02:37.664  INFO 9196 --- [    Test worker] o.s.t.web.servlet.TestDispatcherServlet  : Initializing Servlet ''
2020-01-25 21:02:37.664  INFO 9196 --- [    Test worker] o.s.t.web.servlet.TestDispatcherServlet  : Completed initialization in 0 ms
Hibernate: select odds0_.odds_id as odds_id1_0_0_, odds0_.bet_id as bet_id2_0_0_, odds0_.odds as odds3_0_0_, odds0_.user_id as user_id4_0_0_ from odds odds0_ where odds0_.odds_id=?
Hibernate: update odds set bet_id=?, odds=?, user_id=? where odds_id=?
Hibernate: select odds0_.odds_id as odds_id1_0_0_, odds0_.bet_id as bet_id2_0_0_, odds0_.odds as odds3_0_0_, odds0_.user_id as user_id4_0_0_ from odds odds0_ where odds0_.odds_id=?
Hibernate: select odds0_.odds_id as odds_id1_0_0_, odds0_.bet_id as bet_id2_0_0_, odds0_.odds as odds3_0_0_, odds0_.user_id as user_id4_0_0_ from odds odds0_ where odds0_.odds_id=?
2020-01-25 21:02:37.677  INFO 9196 --- [    Test worker] c.t.o.controller.OddscheckerController   : Querying new odds for bet 999
Hibernate: select odds0_.odds_id as odds_id1_0_, odds0_.bet_id as bet_id2_0_, odds0_.odds as odds3_0_, odds0_.user_id as user_id4_0_ from odds odds0_ where odds0_.bet_id=?
2020-01-25 21:02:37.678 ERROR 9196 --- [    Test worker] c.test.oddschecker.service.OddsService   : Requested betId : 999 was not found
2020-01-25 21:02:37.710  INFO 9196 --- [    Test worker] o.s.mock.web.MockServletContext          : Initializing Spring TestDispatcherServlet ''
2020-01-25 21:02:37.710  INFO 9196 --- [    Test worker] o.s.t.web.servlet.TestDispatcherServlet  : Initializing Servlet ''
2020-01-25 21:02:37.711  INFO 9196 --- [    Test worker] o.s.t.web.servlet.TestDispatcherServlet  : Completed initialization in 1 ms
2020-01-25 21:02:37.731  INFO 9196 --- [    Test worker] o.s.mock.web.MockServletContext          : Initializing Spring TestDispatcherServlet ''
2020-01-25 21:02:37.731  INFO 9196 --- [    Test worker] o.s.t.web.servlet.TestDispatcherServlet  : Initializing Servlet ''
2020-01-25 21:02:37.732  INFO 9196 --- [    Test worker] o.s.t.web.servlet.TestDispatcherServlet  : Completed initialization in 0 ms
Hibernate: select odds0_.odds_id as odds_id1_0_0_, odds0_.bet_id as bet_id2_0_0_, odds0_.odds as odds3_0_0_, odds0_.user_id as user_id4_0_0_ from odds odds0_ where odds0_.odds_id=?
Hibernate: select odds0_.odds_id as odds_id1_0_0_, odds0_.bet_id as bet_id2_0_0_, odds0_.odds as odds3_0_0_, odds0_.user_id as user_id4_0_0_ from odds odds0_ where odds0_.odds_id=?
Hibernate: select odds0_.odds_id as odds_id1_0_0_, odds0_.bet_id as bet_id2_0_0_, odds0_.odds as odds3_0_0_, odds0_.user_id as user_id4_0_0_ from odds odds0_ where odds0_.odds_id=?
2020-01-25 21:02:37.745 ERROR 9196 --- [    Test worker] c.t.o.controller.OddscheckerController   : Attempt to store odds with invalid betId format in path variable
]]></system-out>
  <system-err><![CDATA[]]></system-err>
</testsuite>
